<?xml version="1.0" encoding="UTF-8"?>
<!-- Generated by org.testng.reporters.JUnitReportReporter -->
<testsuite hostname="bdc11-l-4316d5y" failures="0" tests="1" name="com.tests.HomePage_Admin_SearchRecords" time="18.587" errors="0" timestamp="2025-03-16T13:32:31 IST" skipped="0">
  <testcase classname="com.tests.HomePage_Admin_SearchRecords" name="TestSearchRecords" time="18.587"/>
</testsuite> <!-- com.tests.HomePage_Admin_SearchRecords -->
