<?xml version="1.0" encoding="UTF-8"?>
<!-- Generated by org.testng.reporters.JUnitReportReporter -->
<testsuite hostname="bdc11-l-4316d5y" failures="0" tests="1" name="com.common.BaseClass" time="10.975" errors="0" timestamp="2025-03-13T16:11:37 IST" skipped="0">
  <testcase classname="com.common.BaseClass" name="setup" time="10.975"/>
</testsuite> <!-- com.common.BaseClass -->
