<?xml version="1.0" encoding="UTF-8"?>
<!-- Generated by org.testng.reporters.JUnitReportReporter -->
<testsuite hostname="bdc11-l-4316d5y" failures="0" tests="1" name="com.tests.LoginPage" time="4.385" errors="0" timestamp="2025-03-15T22:35:51 IST" skipped="0">
  <testcase classname="com.tests.LoginPage" name="testlogin" time="4.385"/>
</testsuite> <!-- com.tests.LoginPage -->
