<?xml version="1.0" encoding="UTF-8"?>
<!-- Generated by org.testng.reporters.JUnitReportReporter -->
<testsuite hostname="bdc11-l-4316d5y" failures="0" tests="1" name="com.tests.LoginClass" time="8.191" errors="0" timestamp="2025-03-15T12:58:01 IST" skipped="0">
  <testcase classname="com.tests.LoginClass" name="testlogin" time="8.191"/>
</testsuite> <!-- com.tests.LoginClass -->
