<?xml version="1.0" encoding="UTF-8"?>
<!-- Generated by org.testng.reporters.JUnitReportReporter -->
<testsuite hostname="bdc11-l-4316d5y" failures="0" tests="1" name="com.tests.LoginPage" time="18.557" errors="0" timestamp="2025-03-16T15:22:45 IST" skipped="0">
  <testcase classname="com.tests.LoginPage" name="testlogin" time="18.557"/>
</testsuite> <!-- com.tests.LoginPage -->
