<?xml version="1.0" encoding="UTF-8"?>
<!-- Generated by org.testng.reporters.JUnitReportReporter -->
<testsuite hostname="bdc11-l-4316d5y" failures="0" tests="1" name="com.tests.LoginPage" time="19.370" errors="0" timestamp="2025-03-16T16:24:10 IST" skipped="0">
  <testcase classname="com.tests.LoginPage" name="testlogin" time="19.370"/>
</testsuite> <!-- com.tests.LoginPage -->
