<?xml version="1.0" encoding="UTF-8"?>
<!-- Generated by org.testng.reporters.JUnitReportReporter -->
<testsuite hostname="bdc11-l-4316d5y" failures="0" tests="1" name="com.tests.HomePage_Admin_SearchRecords" time="11.324" errors="0" timestamp="2025-03-16T10:29:25 IST" skipped="0">
  <testcase classname="com.tests.HomePage_Admin_SearchRecords" name="TestSearchRecords" time="11.324"/>
</testsuite> <!-- com.tests.HomePage_Admin_SearchRecords -->
